-- The C compiler identification is AppleClang 14.0.0.14000029
-- The CXX compiler identification is AppleClang 14.0.0.14000029
-- Detecting C compiler ABI info
-- Detecting C compiler ABI info - done
-- Check for working C compiler: /Applications/Xcode.app/Contents/Developer/Toolchains/XcodeDefault.xctoolchain/usr/bin/cc - skipped
-- Detecting C compile features
-- Detecting C compile features - done
-- Detecting CXX compiler ABI info
-- Detecting CXX compiler ABI info - done
-- Check for working CXX compiler: /Applications/Xcode.app/Contents/Developer/Toolchains/XcodeDefault.xctoolchain/usr/bin/c++ - skipped
-- Detecting CXX compile features
-- Detecting CXX compile features - done
-- Using CATKIN_DEVEL_PREFIX: /Users/amoralesma/Documents/UN/robotica/labs/phantom_drawer/src/px_planner/matlab/custom_msg_pedro_lab5/matlab_msg_gen_ros1/maci64/devel
-- Using CMAKE_PREFIX_PATH: /Applications/MATLAB_R2022b.app/sys/ros1/maci64/ros1;/Applications/MATLAB_R2022b.app/toolbox/ros/mlroscpp/custom_messages
-- This workspace overlays: /Applications/MATLAB_R2022b.app/sys/ros1/maci64/ros1;/Applications/MATLAB_R2022b.app/toolbox/ros/mlroscpp/custom_messages
-- Found PythonInterp: /Users/amoralesma/.matlab/R2022b/ros1/maci64/venv/bin/python3 (found suitable version "3.9.13", minimum required is "3") 
-- Using PYTHON_EXECUTABLE: /Users/amoralesma/.matlab/R2022b/ros1/maci64/venv/bin/python3
-- Using default Python package layout
-- Found PY_em: /Users/amoralesma/.matlab/R2022b/ros1/maci64/venv/lib/python3.9/site-packages/em.py  
-- Using empy: /Users/amoralesma/.matlab/R2022b/ros1/maci64/venv/lib/python3.9/site-packages/em.py
-- Using CATKIN_ENABLE_TESTING: off
-- catkin 0.8.10
-- BUILD_SHARED_LIBS is on
-- BUILD_SHARED_LIBS is on
-- ~~~~~~~~~~~~~~~~~~~~~~~~~~~~~~~~~~~~~~~~~~~~~~~~~
-- ~~  traversing 1 packages in topological order:
-- ~~  - px_msgs
-- ~~~~~~~~~~~~~~~~~~~~~~~~~~~~~~~~~~~~~~~~~~~~~~~~~
-- +++ processing catkin package: 'px_msgs'
-- ==> add_subdirectory(px_msgs)
CMake Warning at /Applications/MATLAB_R2022b.app/sys/ros1/maci64/ros1/share/genmsg/cmake/genmsg-extras.cmake:49 (message):
  Unknown message generator specified in ROS_LANG_DISABLE: geneus
Call Stack (most recent call first):
  /Applications/MATLAB_R2022b.app/sys/ros1/maci64/ros1/share/genmsg/cmake/genmsgConfig.cmake:222 (include)
  /Applications/MATLAB_R2022b.app/sys/ros1/maci64/ros1/share/gencpp/cmake/gencppConfig.cmake:197 (find_package)
  /Applications/MATLAB_R2022b.app/sys/ros1/maci64/ros1/share/message_generation/cmake/message_generationConfig.cmake:197 (find_package)
  /Applications/MATLAB_R2022b.app/sys/ros1/maci64/ros1/share/catkin/cmake/catkinConfig.cmake:76 (find_package)
  px_msgs/CMakeLists.txt:20 (find_package)


CMake Warning at /Applications/MATLAB_R2022b.app/sys/ros1/maci64/ros1/share/genmsg/cmake/genmsg-extras.cmake:49 (message):
  Unknown message generator specified in ROS_LANG_DISABLE: genlisp
Call Stack (most recent call first):
  /Applications/MATLAB_R2022b.app/sys/ros1/maci64/ros1/share/genmsg/cmake/genmsgConfig.cmake:222 (include)
  /Applications/MATLAB_R2022b.app/sys/ros1/maci64/ros1/share/gencpp/cmake/gencppConfig.cmake:197 (find_package)
  /Applications/MATLAB_R2022b.app/sys/ros1/maci64/ros1/share/message_generation/cmake/message_generationConfig.cmake:197 (find_package)
  /Applications/MATLAB_R2022b.app/sys/ros1/maci64/ros1/share/catkin/cmake/catkinConfig.cmake:76 (find_package)
  px_msgs/CMakeLists.txt:20 (find_package)


CMake Warning at /Applications/MATLAB_R2022b.app/sys/ros1/maci64/ros1/share/genmsg/cmake/genmsg-extras.cmake:49 (message):
  Unknown message generator specified in ROS_LANG_DISABLE: gennodejs
Call Stack (most recent call first):
  /Applications/MATLAB_R2022b.app/sys/ros1/maci64/ros1/share/genmsg/cmake/genmsgConfig.cmake:222 (include)
  /Applications/MATLAB_R2022b.app/sys/ros1/maci64/ros1/share/gencpp/cmake/gencppConfig.cmake:197 (find_package)
  /Applications/MATLAB_R2022b.app/sys/ros1/maci64/ros1/share/message_generation/cmake/message_generationConfig.cmake:197 (find_package)
  /Applications/MATLAB_R2022b.app/sys/ros1/maci64/ros1/share/catkin/cmake/catkinConfig.cmake:76 (find_package)
  px_msgs/CMakeLists.txt:20 (find_package)


-- Using these message generators: gencpp;genpy
-- px_msgs: 1 messages, 0 services
-- Configuring done
-- Generating done
CMake Warning:
  Manually-specified variables were not used by the project:

    Boost_NAMESPACE


-- Build files have been written to: /Users/amoralesma/Documents/UN/robotica/labs/phantom_drawer/src/px_planner/matlab/custom_msg_pedro_lab5/matlab_msg_gen_ros1/maci64/build
[1/7] cd /Users/amoralesma/Documents/UN/robotica/labs/phantom_drawer/src/px_planner/matlab/custom_msg_pedro_lab5/matlab_msg_gen_ros1/maci64/build/px_msgs && /Users/amoralesma/Documents/UN/robotica/labs/phantom_drawer/src/px_planner/matlab/custom_msg_pedro_lab5/matlab_msg_gen_ros1/maci64/build/catkin_generated/env_cached.sh /Users/amoralesma/.matlab/R2022b/ros1/maci64/venv/bin/python3 /Applications/MATLAB_R2022b.app/sys/ros1/maci64/ros1/share/genmsg/cmake/../../../lib/genmsg/genmsg_check_deps.py px_msgs /Users/amoralesma/Documents/UN/robotica/labs/phantom_drawer/src/px_planner/matlab/custom_msg_pedro_lab5/matlab_msg_gen_ros1/maci64/src/px_msgs/msg/pedroPascal.msg geometry_msgs/Vector3
[2/7] Generating Python from MSG px_msgs/pedroPascal
[3/7] Generating C++ code from px_msgs/pedroPascal.msg
[4/7] Generating Python msg __init__.py for px_msgs
[5/7] Building CXX object px_msgs/CMakeFiles/px_msgs_matlab.dir/src/px_msgs_pedroPascal_message.cpp.o
[6/7] Linking CXX shared library /Users/amoralesma/Documents/UN/robotica/labs/phantom_drawer/src/px_planner/matlab/custom_msg_pedro_lab5/matlab_msg_gen_ros1/maci64/devel/lib/libpx_msgs_matlab.dylib
[6/7] Install the project...
-- Install configuration: "Release"
-- Installing: /Users/amoralesma/Documents/UN/robotica/labs/phantom_drawer/src/px_planner/matlab/custom_msg_pedro_lab5/matlab_msg_gen_ros1/maci64/install/_setup_util.py
-- Installing: /Users/amoralesma/Documents/UN/robotica/labs/phantom_drawer/src/px_planner/matlab/custom_msg_pedro_lab5/matlab_msg_gen_ros1/maci64/install/env.sh
-- Installing: /Users/amoralesma/Documents/UN/robotica/labs/phantom_drawer/src/px_planner/matlab/custom_msg_pedro_lab5/matlab_msg_gen_ros1/maci64/install/setup.bash
-- Installing: /Users/amoralesma/Documents/UN/robotica/labs/phantom_drawer/src/px_planner/matlab/custom_msg_pedro_lab5/matlab_msg_gen_ros1/maci64/install/local_setup.bash
-- Installing: /Users/amoralesma/Documents/UN/robotica/labs/phantom_drawer/src/px_planner/matlab/custom_msg_pedro_lab5/matlab_msg_gen_ros1/maci64/install/setup.sh
-- Installing: /Users/amoralesma/Documents/UN/robotica/labs/phantom_drawer/src/px_planner/matlab/custom_msg_pedro_lab5/matlab_msg_gen_ros1/maci64/install/local_setup.sh
-- Installing: /Users/amoralesma/Documents/UN/robotica/labs/phantom_drawer/src/px_planner/matlab/custom_msg_pedro_lab5/matlab_msg_gen_ros1/maci64/install/setup.zsh
-- Installing: /Users/amoralesma/Documents/UN/robotica/labs/phantom_drawer/src/px_planner/matlab/custom_msg_pedro_lab5/matlab_msg_gen_ros1/maci64/install/local_setup.zsh
-- Installing: /Users/amoralesma/Documents/UN/robotica/labs/phantom_drawer/src/px_planner/matlab/custom_msg_pedro_lab5/matlab_msg_gen_ros1/maci64/install/.rosinstall
-- Installing: /Users/amoralesma/Documents/UN/robotica/labs/phantom_drawer/src/px_planner/matlab/custom_msg_pedro_lab5/matlab_msg_gen_ros1/maci64/install/share/px_msgs/msg/pedroPascal.msg
-- Installing: /Users/amoralesma/Documents/UN/robotica/labs/phantom_drawer/src/px_planner/matlab/custom_msg_pedro_lab5/matlab_msg_gen_ros1/maci64/install/share/px_msgs/cmake/px_msgs-msg-paths.cmake
-- Installing: /Users/amoralesma/Documents/UN/robotica/labs/phantom_drawer/src/px_planner/matlab/custom_msg_pedro_lab5/matlab_msg_gen_ros1/maci64/install/include/px_msgs
-- Installing: /Users/amoralesma/Documents/UN/robotica/labs/phantom_drawer/src/px_planner/matlab/custom_msg_pedro_lab5/matlab_msg_gen_ros1/maci64/install/include/px_msgs/pedroPascal.h
Listing '/Users/amoralesma/Documents/UN/robotica/labs/phantom_drawer/src/px_planner/matlab/custom_msg_pedro_lab5/matlab_msg_gen_ros1/maci64/devel/lib/python3.9/site-packages/px_msgs'...
Compiling '/Users/amoralesma/Documents/UN/robotica/labs/phantom_drawer/src/px_planner/matlab/custom_msg_pedro_lab5/matlab_msg_gen_ros1/maci64/devel/lib/python3.9/site-packages/px_msgs/__init__.py'...
Listing '/Users/amoralesma/Documents/UN/robotica/labs/phantom_drawer/src/px_planner/matlab/custom_msg_pedro_lab5/matlab_msg_gen_ros1/maci64/devel/lib/python3.9/site-packages/px_msgs/msg'...
Compiling '/Users/amoralesma/Documents/UN/robotica/labs/phantom_drawer/src/px_planner/matlab/custom_msg_pedro_lab5/matlab_msg_gen_ros1/maci64/devel/lib/python3.9/site-packages/px_msgs/msg/__init__.py'...
Compiling '/Users/amoralesma/Documents/UN/robotica/labs/phantom_drawer/src/px_planner/matlab/custom_msg_pedro_lab5/matlab_msg_gen_ros1/maci64/devel/lib/python3.9/site-packages/px_msgs/msg/_pedroPascal.py'...
-- Installing: /Users/amoralesma/Documents/UN/robotica/labs/phantom_drawer/src/px_planner/matlab/custom_msg_pedro_lab5/matlab_msg_gen_ros1/maci64/install/lib/python3.9/site-packages/px_msgs
-- Installing: /Users/amoralesma/Documents/UN/robotica/labs/phantom_drawer/src/px_planner/matlab/custom_msg_pedro_lab5/matlab_msg_gen_ros1/maci64/install/lib/python3.9/site-packages/px_msgs/msg
-- Installing: /Users/amoralesma/Documents/UN/robotica/labs/phantom_drawer/src/px_planner/matlab/custom_msg_pedro_lab5/matlab_msg_gen_ros1/maci64/install/lib/python3.9/site-packages/px_msgs/msg/__init__.py
-- Installing: /Users/amoralesma/Documents/UN/robotica/labs/phantom_drawer/src/px_planner/matlab/custom_msg_pedro_lab5/matlab_msg_gen_ros1/maci64/install/lib/python3.9/site-packages/px_msgs/msg/__pycache__
-- Installing: /Users/amoralesma/Documents/UN/robotica/labs/phantom_drawer/src/px_planner/matlab/custom_msg_pedro_lab5/matlab_msg_gen_ros1/maci64/install/lib/python3.9/site-packages/px_msgs/msg/__pycache__/__init__.cpython-39.pyc
-- Installing: /Users/amoralesma/Documents/UN/robotica/labs/phantom_drawer/src/px_planner/matlab/custom_msg_pedro_lab5/matlab_msg_gen_ros1/maci64/install/lib/python3.9/site-packages/px_msgs/msg/__pycache__/_pedroPascal.cpython-39.pyc
-- Installing: /Users/amoralesma/Documents/UN/robotica/labs/phantom_drawer/src/px_planner/matlab/custom_msg_pedro_lab5/matlab_msg_gen_ros1/maci64/install/lib/python3.9/site-packages/px_msgs/msg/_pedroPascal.py
-- Installing: /Users/amoralesma/Documents/UN/robotica/labs/phantom_drawer/src/px_planner/matlab/custom_msg_pedro_lab5/matlab_msg_gen_ros1/maci64/install/lib/python3.9/site-packages/px_msgs/__init__.py
-- Installing: /Users/amoralesma/Documents/UN/robotica/labs/phantom_drawer/src/px_planner/matlab/custom_msg_pedro_lab5/matlab_msg_gen_ros1/maci64/install/lib/python3.9/site-packages/px_msgs/__pycache__
-- Installing: /Users/amoralesma/Documents/UN/robotica/labs/phantom_drawer/src/px_planner/matlab/custom_msg_pedro_lab5/matlab_msg_gen_ros1/maci64/install/lib/python3.9/site-packages/px_msgs/__pycache__/__init__.cpython-39.pyc
-- Installing: /Users/amoralesma/Documents/UN/robotica/labs/phantom_drawer/src/px_planner/matlab/custom_msg_pedro_lab5/matlab_msg_gen_ros1/maci64/install/lib/pkgconfig/px_msgs.pc
-- Installing: /Users/amoralesma/Documents/UN/robotica/labs/phantom_drawer/src/px_planner/matlab/custom_msg_pedro_lab5/matlab_msg_gen_ros1/maci64/install/share/px_msgs/cmake/px_msgs-msg-extras.cmake
-- Installing: /Users/amoralesma/Documents/UN/robotica/labs/phantom_drawer/src/px_planner/matlab/custom_msg_pedro_lab5/matlab_msg_gen_ros1/maci64/install/share/px_msgs/cmake/px_msgsConfig.cmake
-- Installing: /Users/amoralesma/Documents/UN/robotica/labs/phantom_drawer/src/px_planner/matlab/custom_msg_pedro_lab5/matlab_msg_gen_ros1/maci64/install/share/px_msgs/cmake/px_msgsConfig-version.cmake
-- Installing: /Users/amoralesma/Documents/UN/robotica/labs/phantom_drawer/src/px_planner/matlab/custom_msg_pedro_lab5/matlab_msg_gen_ros1/maci64/install/share/px_msgs/package.xml
-- Up-to-date: /Users/amoralesma/Documents/UN/robotica/labs/phantom_drawer/src/px_planner/matlab/custom_msg_pedro_lab5/matlab_msg_gen_ros1/maci64/install/include
-- Up-to-date: /Users/amoralesma/Documents/UN/robotica/labs/phantom_drawer/src/px_planner/matlab/custom_msg_pedro_lab5/matlab_msg_gen_ros1/maci64/install/include/px_msgs
-- Installing: /Users/amoralesma/Documents/UN/robotica/labs/phantom_drawer/src/px_planner/matlab/custom_msg_pedro_lab5/matlab_msg_gen_ros1/maci64/install/include/px_msgs/visibility_control.h
-- Installing: /Users/amoralesma/Documents/UN/robotica/labs/phantom_drawer/src/px_planner/matlab/custom_msg_pedro_lab5/matlab_msg_gen_ros1/maci64/install/lib/libpx_msgs_matlab.dylib
-- Installing: /Users/amoralesma/Documents/UN/robotica/labs/phantom_drawer/src/px_planner/matlab/custom_msg_pedro_lab5/matlab_msg_gen_ros1/maci64/install/m/
-- Installing: /Users/amoralesma/Documents/UN/robotica/labs/phantom_drawer/src/px_planner/matlab/custom_msg_pedro_lab5/matlab_msg_gen_ros1/maci64/install/m//+ros
-- Installing: /Users/amoralesma/Documents/UN/robotica/labs/phantom_drawer/src/px_planner/matlab/custom_msg_pedro_lab5/matlab_msg_gen_ros1/maci64/install/m//+ros/+internal
-- Installing: /Users/amoralesma/Documents/UN/robotica/labs/phantom_drawer/src/px_planner/matlab/custom_msg_pedro_lab5/matlab_msg_gen_ros1/maci64/install/m//+ros/+internal/+ros
-- Installing: /Users/amoralesma/Documents/UN/robotica/labs/phantom_drawer/src/px_planner/matlab/custom_msg_pedro_lab5/matlab_msg_gen_ros1/maci64/install/m//+ros/+internal/+ros/+custommessages
-- Installing: /Users/amoralesma/Documents/UN/robotica/labs/phantom_drawer/src/px_planner/matlab/custom_msg_pedro_lab5/matlab_msg_gen_ros1/maci64/install/m//+ros/+internal/+ros/+custommessages/+px_msgs
-- Installing: /Users/amoralesma/Documents/UN/robotica/labs/phantom_drawer/src/px_planner/matlab/custom_msg_pedro_lab5/matlab_msg_gen_ros1/maci64/install/m//+ros/+internal/+ros/+custommessages/+px_msgs/pedroPascal.m
-- Installing: /Users/amoralesma/Documents/UN/robotica/labs/phantom_drawer/src/px_planner/matlab/custom_msg_pedro_lab5/matlab_msg_gen_ros1/maci64/install/m//+ros/+msggen
-- Installing: /Users/amoralesma/Documents/UN/robotica/labs/phantom_drawer/src/px_planner/matlab/custom_msg_pedro_lab5/matlab_msg_gen_ros1/maci64/install/m//+ros/+msggen/+px_msgs
-- Installing: /Users/amoralesma/Documents/UN/robotica/labs/phantom_drawer/src/px_planner/matlab/custom_msg_pedro_lab5/matlab_msg_gen_ros1/maci64/install/m//+ros/+msggen/+px_msgs/pedroPascal.m
Base path: /Users/amoralesma/Documents/UN/robotica/labs/phantom_drawer/src/px_planner/matlab/custom_msg_pedro_lab5/matlab_msg_gen_ros1/maci64
Source space: /Users/amoralesma/Documents/UN/robotica/labs/phantom_drawer/src/px_planner/matlab/custom_msg_pedro_lab5/matlab_msg_gen_ros1/maci64/src
Build space: /Users/amoralesma/Documents/UN/robotica/labs/phantom_drawer/src/px_planner/matlab/custom_msg_pedro_lab5/matlab_msg_gen_ros1/maci64/build
Devel space: /Users/amoralesma/Documents/UN/robotica/labs/phantom_drawer/src/px_planner/matlab/custom_msg_pedro_lab5/matlab_msg_gen_ros1/maci64/devel
Install space: /Users/amoralesma/Documents/UN/robotica/labs/phantom_drawer/src/px_planner/matlab/custom_msg_pedro_lab5/matlab_msg_gen_ros1/maci64/install
Creating symlink "/Users/amoralesma/Documents/UN/robotica/labs/phantom_drawer/src/px_planner/matlab/custom_msg_pedro_lab5/matlab_msg_gen_ros1/maci64/src/CMakeLists.txt" pointing to "/Applications/MATLAB_R2022b.app/sys/ros1/maci64/ros1/share/catkin/cmake/toplevel.cmake"
####
#### Running command: "cmake /Users/amoralesma/Documents/UN/robotica/labs/phantom_drawer/src/px_planner/matlab/custom_msg_pedro_lab5/matlab_msg_gen_ros1/maci64/src -DALIAS_ROS1_CLASS_LOADER=1 -DBoost_NAMESPACE=mwboost -DCATKIN_ENABLE_TESTING=off -DCMAKE_PREFIX_PATH=/Applications/MATLAB_R2022b.app/sys/ros1/maci64/ros1;/Applications/MATLAB_R2022b.app/toolbox/ros/mlroscpp/custom_messages -DCMAKE_BUILD_TYPE=Release -DCMAKE_CXX_FLAGS_RELEASE=-O0 -DCATKIN_DEVEL_PREFIX=/Users/amoralesma/Documents/UN/robotica/labs/phantom_drawer/src/px_planner/matlab/custom_msg_pedro_lab5/matlab_msg_gen_ros1/maci64/devel -DCMAKE_INSTALL_PREFIX=/Users/amoralesma/Documents/UN/robotica/labs/phantom_drawer/src/px_planner/matlab/custom_msg_pedro_lab5/matlab_msg_gen_ros1/maci64/install -G Ninja" in "/Users/amoralesma/Documents/UN/robotica/labs/phantom_drawer/src/px_planner/matlab/custom_msg_pedro_lab5/matlab_msg_gen_ros1/maci64/build"
####
####
#### Running command: "ninja install install -j8 -l8" in "/Users/amoralesma/Documents/UN/robotica/labs/phantom_drawer/src/px_planner/matlab/custom_msg_pedro_lab5/matlab_msg_gen_ros1/maci64/build"
####
