Base path: /Users/amoralesma/Documents/UN/robotica/labs/phantom_drawer/src/matlab_msg_gen_ros1/maci64
Source space: /Users/amoralesma/Documents/UN/robotica/labs/phantom_drawer/src/matlab_msg_gen_ros1/maci64/src
Build space: /Users/amoralesma/Documents/UN/robotica/labs/phantom_drawer/src/matlab_msg_gen_ros1/maci64/build
Devel space: /Users/amoralesma/Documents/UN/robotica/labs/phantom_drawer/src/matlab_msg_gen_ros1/maci64/devel
Install space: /Users/amoralesma/Documents/UN/robotica/labs/phantom_drawer/src/matlab_msg_gen_ros1/maci64/install
Creating symlink "/Users/amoralesma/Documents/UN/robotica/labs/phantom_drawer/src/matlab_msg_gen_ros1/maci64/src/CMakeLists.txt" pointing to "/Applications/MATLAB_R2022b.app/sys/ros1/maci64/ros1/share/catkin/cmake/toplevel.cmake"
####
#### Running command: "cmake /Users/amoralesma/Documents/UN/robotica/labs/phantom_drawer/src/matlab_msg_gen_ros1/maci64/src -DALIAS_ROS1_CLASS_LOADER=1 -DBoost_NAMESPACE=mwboost -DCATKIN_ENABLE_TESTING=off -DCMAKE_PREFIX_PATH=/Applications/MATLAB_R2022b.app/sys/ros1/maci64/ros1;/Applications/MATLAB_R2022b.app/toolbox/ros/mlroscpp/custom_messages -DCMAKE_BUILD_TYPE=Release -DCMAKE_CXX_FLAGS_RELEASE=-O0 -DCATKIN_DEVEL_PREFIX=/Users/amoralesma/Documents/UN/robotica/labs/phantom_drawer/src/matlab_msg_gen_ros1/maci64/devel -DCMAKE_INSTALL_PREFIX=/Users/amoralesma/Documents/UN/robotica/labs/phantom_drawer/src/matlab_msg_gen_ros1/maci64/install -G Ninja" in "/Users/amoralesma/Documents/UN/robotica/labs/phantom_drawer/src/matlab_msg_gen_ros1/maci64/build"
####
Traceback (most recent call last):
  File "/Applications/MATLAB_R2022b.app/sys/ros1/maci64/ros1/bin/catkin_make", line 306, in <module>
    sys.exit(main())
  File "/Applications/MATLAB_R2022b.app/sys/ros1/maci64/ros1/bin/catkin_make", line 207, in main
    run_command(cmd, build_path)
  File "/Applications/MATLAB_R2022b.app/sys/ros1/maci64/ros1/lib/python3.9/site-packages/catkin/builder.py", line 241, in run_command
    proc.wait()
  File "/usr/local/Caskroom/miniforge/base/envs/py390/lib/python3.9/subprocess.py", line 1189, in wait
    return self._wait(timeout=timeout)
  File "/usr/local/Caskroom/miniforge/base/envs/py390/lib/python3.9/subprocess.py", line 1917, in _wait
    (pid, sts) = self._try_wait(0)
  File "/usr/local/Caskroom/miniforge/base/envs/py390/lib/python3.9/subprocess.py", line 1875, in _try_wait
    (pid, sts) = os.waitpid(self.pid, wait_flags)
KeyboardInterrupt
